Running backdoor-apk at Thu Mar  5 06:40:41 UTC 2026
/usr/bin/msfvenom
/usr/local/sbin/baksmali
/usr/bin/unzip
/home/codespace/java/current/bin/keytool
/home/codespace/java/current/bin/jarsigner
/usr/local/sbin/apktool
/workspaces/kalinux-playground/TheFatRat/TheFatRat/tools/android-string-obfuscator/lib/aso
/usr/local/sbin/dx
/workspaces/kalinux-playground/TheFatRat/TheFatRat/tools/android-sdk/zipalign
Archive:  /workspaces/kalinux-playground/TheFatRat/TheFatRat/temp/app.apk
  Length      Date    Time    Name
---------  ---------- -----   ----
       56  1981-01-01 01:01   META-INF/com/android/build/gradle/app-metadata.properties
  8186444  1981-01-01 01:01   classes.dex
  2449696  1981-01-01 01:01   classes2.dex
    11864  1981-01-01 01:01   assets/privacy.html
        6  1981-01-01 01:01   META-INF/androidx.activity_activity.version
        6  1981-01-01 01:01   META-INF/androidx.annotation_annotation-experimental.version
        6  1981-01-01 01:01   META-INF/androidx.appcompat_appcompat-resources.version
        6  1981-01-01 01:01   META-INF/androidx.appcompat_appcompat.version
        6  1981-01-01 01:01   META-INF/androidx.arch.core_core-runtime.version
        6  1981-01-01 01:01   META-INF/androidx.asynclayoutinflater_asynclayoutinflater.version
        6  1981-01-01 01:01   META-INF/androidx.cardview_cardview.version
        6  1981-01-01 01:01   META-INF/androidx.coordinatorlayout_coordinatorlayout.version
       14  1981-01-01 01:01   META-INF/androidx.core_core.version
        6  1981-01-01 01:01   META-INF/androidx.cursoradapter_cursoradapter.version
        6  1981-01-01 01:01   META-INF/androidx.customview_customview.version
        6  1981-01-01 01:01   META-INF/androidx.documentfile_documentfile.version
        6  1981-01-01 01:01   META-INF/androidx.drawerlayout_drawerlayout.version
        6  1981-01-01 01:01   META-INF/androidx.dynamicanimation_dynamicanimation.version
        6  1981-01-01 01:01   META-INF/androidx.emoji2_emoji2-views-helper.version
        6  1981-01-01 01:01   META-INF/androidx.emoji2_emoji2.version
        6  1981-01-01 01:01   META-INF/androidx.exifinterface_exifinterface.version
        6  1981-01-01 01:01   META-INF/androidx.fragment_fragment.version
        6  1981-01-01 01:01   META-INF/androidx.interpolator_interpolator.version
        6  1981-01-01 01:01   META-INF/androidx.legacy_legacy-support-core-ui.version
        6  1981-01-01 01:01   META-INF/androidx.legacy_legacy-support-core-utils.version
        6  1981-01-01 01:01   META-INF/androidx.legacy_legacy-support-v4.version
        6  1981-01-01 01:01   META-INF/androidx.lifecycle_lifecycle-livedata-core.version
        6  1981-01-01 01:01   META-INF/androidx.lifecycle_lifecycle-livedata.version
        6  1981-01-01 01:01   META-INF/androidx.lifecycle_lifecycle-process.version
        6  1981-01-01 01:01   META-INF/androidx.lifecycle_lifecycle-runtime.version
        6  1981-01-01 01:01   META-INF/androidx.lifecycle_lifecycle-viewmodel-savedstate.version
        6  1981-01-01 01:01   META-INF/androidx.lifecycle_lifecycle-viewmodel.version
        6  1981-01-01 01:01   META-INF/androidx.loader_loader.version
        6  1981-01-01 01:01   META-INF/androidx.localbroadcastmanager_localbroadcastmanager.version
        6  1981-01-01 01:01   META-INF/androidx.media_media.version
        6  1981-01-01 01:01   META-INF/androidx.print_print.version
        6  1981-01-01 01:01   META-INF/androidx.recyclerview_recyclerview.version
        6  1981-01-01 01:01   META-INF/androidx.savedstate_savedstate.version
        6  1981-01-01 01:01   META-INF/androidx.slidingpanelayout_slidingpanelayout.version
        6  1981-01-01 01:01   META-INF/androidx.startup_startup-runtime.version
        6  1981-01-01 01:01   META-INF/androidx.swiperefreshlayout_swiperefreshlayout.version
        6  1981-01-01 01:01   META-INF/androidx.tracing_tracing.version
        6  1981-01-01 01:01   META-INF/androidx.transition_transition.version
        6  1981-01-01 01:01   META-INF/androidx.vectordrawable_vectordrawable-animated.version
        6  1981-01-01 01:01   META-INF/androidx.vectordrawable_vectordrawable.version
        6  1981-01-01 01:01   META-INF/androidx.versionedparcelable_versionedparcelable.version
        6  1981-01-01 01:01   META-INF/androidx.viewpager2_viewpager2.version
        6  1981-01-01 01:01   META-INF/androidx.viewpager_viewpager.version
        6  1981-01-01 01:01   META-INF/com.google.android.material_material.version
       74  1981-01-01 01:01   firebase-analytics.properties
       78  1981-01-01 01:01   firebase-annotations.properties
       68  1981-01-01 01:01   firebase-common.properties
       76  1981-01-01 01:01   firebase-components.properties
       98  1981-01-01 01:01   firebase-installations-interop.properties
       82  1981-01-01 01:01   firebase-installations.properties
       98  1981-01-01 01:01   firebase-measurement-connector.properties
      928  1981-01-01 01:01   kotlin/annotation/annotation.kotlin_builtins
     3685  1981-01-01 01:01   kotlin/collections/collections.kotlin_builtins
      200  1981-01-01 01:01   kotlin/coroutines/coroutines.kotlin_builtins
      646  1981-01-01 01:01   kotlin/internal/internal.kotlin_builtins
    18661  1981-01-01 01:01   kotlin/kotlin.kotlin_builtins
     3399  1981-01-01 01:01   kotlin/ranges/ranges.kotlin_builtins
     2426  1981-01-01 01:01   kotlin/reflect/reflect.kotlin_builtins
     1254  1981-01-01 01:01   org/jsoup/nodes/entities-base.properties
    27501  1981-01-01 01:01   org/jsoup/nodes/entities-full.properties
       94  1981-01-01 01:01   play-services-ads-identifier.properties
       78  1981-01-01 01:01   play-services-appset.properties
       74  1981-01-01 01:01   play-services-base.properties
       82  1981-01-01 01:01   play-services-basement.properties
       96  1981-01-01 01:01   play-services-measurement-api.properties
       98  1981-01-01 01:01   play-services-measurement-base.properties
       98  1981-01-01 01:01   play-services-measurement-impl.properties
      104  1981-01-01 01:01   play-services-measurement-sdk-api.properties
       96  1981-01-01 01:01   play-services-measurement-sdk.properties
       88  1981-01-01 01:01   play-services-measurement.properties
       76  1981-01-01 01:01   play-services-stats.properties
       76  1981-01-01 01:01   play-services-tasks.properties
    15636  1981-01-01 01:01   AndroidManifest.xml
     1131  1981-01-01 01:01   res/-Y.png
     1396  1981-01-01 01:01   res/-Y.xml
      528  1981-01-01 01:01   res/-c.xml
      532  1981-01-01 01:01   res/-o.xml
     1100  1981-01-01 01:01   res/-u.xml
      404  1981-01-01 01:01   res/06.png
      212  1981-01-01 01:01   res/09.9.png
      207  1981-01-01 01:01   res/0H.9.png
      432  1981-01-01 01:01   res/0I.png
      592  1981-01-01 01:01   res/0N.xml
      265  1981-01-01 01:01   res/0Y.png
      464  1981-01-01 01:01   res/0b.xml
     1164  1981-01-01 01:01   res/0k.xml
     1144  1981-01-01 01:01   res/0w.xml
      159  1981-01-01 01:01   res/11.png
     2236  1981-01-01 01:01   res/15.xml
      785  1981-01-01 01:01   res/1A.png
     2660  1981-01-01 01:01   res/1L.xml
      836  1981-01-01 01:01   res/1N.xml
     7484  1981-01-01 01:01   res/1S.png
      336  1981-01-01 01:01   res/1V.xml
      400  1981-01-01 01:01   res/1u.xml
      516  1981-01-01 01:01   res/1y.xml
      312  1981-01-01 01:01   res/23.xml
     1104  1981-01-01 01:01   res/24.png
      387  1981-01-01 01:01   res/27.png
      207  1981-01-01 01:01   res/2C.9.png
      543  1981-01-01 01:01   res/2C.png
      940  1981-01-01 01:01   res/2D.xml
      920  1981-01-01 01:01   res/2D1.xml
      616  1981-01-01 01:01   res/2p.xml
      248  1981-01-01 01:01   res/30.xml
     1172  1981-01-01 01:01   res/301.xml
     2463  1981-01-01 01:01   res/33.9.png
      982  1981-01-01 01:01   res/35.png
      468  1981-01-01 01:01   res/36.xml
     1224  1981-01-01 01:01   res/38.xml
      400  1981-01-01 01:01   res/3B.xml
      625  1981-01-01 01:01   res/3V.png
      197  1981-01-01 01:01   res/3_.png
      640  1981-01-01 01:01   res/3c.xml
      492  1981-01-01 01:01   res/3h.xml
      588  1981-01-01 01:01   res/3i.xml
      940  1981-01-01 01:01   res/3j.xml
      532  1981-01-01 01:01   res/3m.xml
      408  1981-01-01 01:01   res/3x.xml
     1096  1981-01-01 01:01   res/3z.xml
      644  1981-01-01 01:01   res/41.xml
      388  1981-01-01 01:01   res/43.xml
      513  1981-01-01 01:01   res/48.png
      400  1981-01-01 01:01   res/4C.xml
      576  1981-01-01 01:01   res/4G.xml
     1228  1981-01-01 01:01   res/4W.xml
      167  1981-01-01 01:01   res/4_.9.png
     2756  1981-01-01 01:01   res/4c.xml
      636  1981-01-01 01:01   res/4g.png
      186  1981-01-01 01:01   res/4r.png
     1304  1981-01-01 01:01   res/5-.xml
     1638  1981-01-01 01:01   res/51.9.png
     1440  1981-01-01 01:01   res/5A.xml
      227  1981-01-01 01:01   res/5J.png
    12682  1981-01-01 01:01   res/5Q.png
      181  1981-01-01 01:01   res/5j.9.png
      245  1981-01-01 01:01   res/5z.9.png
      528  1981-01-01 01:01   res/65.xml
     1116  1981-01-01 01:01   res/66.xml
      310  1981-01-01 01:01   res/6E.png
     1176  1981-01-01 01:01   res/6J.xml
      388  1981-01-01 01:01   res/6e.xml
      171  1981-01-01 01:01   res/6w.9.png
      831  1981-01-01 01:01   res/71.png
      186  1981-01-01 01:01   res/72.9.png
     1868  1981-01-01 01:01   res/75.xml
      484  1981-01-01 01:01   res/7F.9.png
      229  1981-01-01 01:01   res/7P.9.png
      204  1981-01-01 01:01   res/7T.9.png
      488  1981-01-01 01:01   res/7W.xml
     3348  1981-01-01 01:01   res/7c.png
      328  1981-01-01 01:01   res/7u.xml
      700  1981-01-01 01:01   res/83.xml
      272  1981-01-01 01:01   res/8T.png
      221  1981-01-01 01:01   res/8V.9.png
     1208  1981-01-01 01:01   res/8_.xml
      548  1981-01-01 01:01   res/8s.xml
      280  1981-01-01 01:01   res/8w.9.png
      247  1981-01-01 01:01   res/93.9.png
      752  1981-01-01 01:01   res/99.xml
      440  1981-01-01 01:01   res/9A.xml
     1116  1981-01-01 01:01   res/9O.xml
      593  1981-01-01 01:01   res/9V.png
      200  1981-01-01 01:01   res/9X.9.png
      513  1981-01-01 01:01   res/9Z.png
      892  1981-01-01 01:01   res/9h.xml
      984  1981-01-01 01:01   res/9t.png
      744  1981-01-01 01:01   res/A1.xml
     1656  1981-01-01 01:01   res/AA.xml
      437  1981-01-01 01:01   res/AB.9.png
      588  1981-01-01 01:01   res/AH.xml
     2476  1981-01-01 01:01   res/AK.xml
      268  1981-01-01 01:01   res/AP.xml
      871  1981-01-01 01:01   res/AV.png
      400  1981-01-01 01:01   res/AZ.xml
      186  1981-01-01 01:01   res/Ac.9.png
     1395  1981-01-01 01:01   res/Aj.png
     2360  1981-01-01 01:01   res/Al.xml
     1504  1981-01-01 01:01   res/Am.xml
      410  1981-01-01 01:01   res/Ao.png
      588  1981-01-01 01:01   res/B4.xml
      768  1981-01-01 01:01   res/B8.xml
     1444  1981-01-01 01:01   res/BA.xml
      651  1981-01-01 01:01   res/BG.png
      173  1981-01-01 01:01   res/BO.png
      468  1981-01-01 01:01   res/BP.png
      274  1981-01-01 01:01   res/Bd.png
     1000  1981-01-01 01:01   res/Bx.xml
     2456  1981-01-01 01:01   res/C7.xml
    19117  1981-01-01 01:01   res/C9.png
      178  1981-01-01 01:01   res/CA.9.png
    20168  1981-01-01 01:01   res/CG.png
     1343  1981-01-01 01:01   res/CH.png
     1728  1981-01-01 01:01   res/Cb.xml
      524  1981-01-01 01:01   res/Cg.9.png
     1856  1981-01-01 01:01   res/Cl.xml
     3184  1981-01-01 01:01   res/Cm.xml
      304  1981-01-01 01:01   res/Cv.xml
    12682  1981-01-01 01:01   res/D2.png
      588  1981-01-01 01:01   res/DF.xml
     1160  1981-01-01 01:01   res/DP.xml
     1861  1981-01-01 01:01   res/DS.png
     1052  1981-01-01 01:01   res/DS.xml
      892  1981-01-01 01:01   res/DZ.xml
     1656  1981-01-01 01:01   res/Df.xml
      768  1981-01-01 01:01   res/Di.xml
      244  1981-01-01 01:01   res/Dt.9.png
      523  1981-01-01 01:01   res/E-.png
      222  1981-01-01 01:01   res/E2.9.png
     1064  1981-01-01 01:01   res/E7.xml
      502  1981-01-01 01:01   res/EL.png
     2305  1981-01-01 01:01   res/ER.9.png
      243  1981-01-01 01:01   res/EZ.png
      178  1981-01-01 01:01   res/Eb.9.png
      612  1981-01-01 01:01   res/Ej.xml
      262  1981-01-01 01:01   res/Er.png
      436  1981-01-01 01:01   res/Ex.xml
     1504  1981-01-01 01:01   res/Ey.xml
      828  1981-01-01 01:01   res/F7.xml
      738  1981-01-01 01:01   res/F8.9.png
      307  1981-01-01 01:01   res/FG.png
     1096  1981-01-01 01:01   res/FM.9.png
     3132  1981-01-01 01:01   res/FR.xml
      785  1981-01-01 01:01   res/FY.png
      532  1981-01-01 01:01   res/FZ.xml
      640  1981-01-01 01:01   res/Fg.xml
      852  1981-01-01 01:01   res/Fl.xml
      212  1981-01-01 01:01   res/Fx.9.png
      167  1981-01-01 01:01   res/Fx1.9.png
      203  1981-01-01 01:01   res/G7.png
     2168  1981-01-01 01:01   res/GE.xml
     2924  1981-01-01 01:01   res/GP.xml
     3044  1981-01-01 01:01   res/GQ.xml
      320  1981-01-01 01:01   res/Gb.xml
      980  1981-01-01 01:01   res/Ge.xml
      388  1981-01-01 01:01   res/Gn.xml
     1216  1981-01-01 01:01   res/Gz.xml
      843  1981-01-01 01:01   res/H-.png
      756  1981-01-01 01:01   res/H1.xml
      852  1981-01-01 01:01   res/HA.xml
     2724  1981-01-01 01:01   res/HE.xml
      400  1981-01-01 01:01   res/HJ.xml
      270  1981-01-01 01:01   res/HN.png
      352  1981-01-01 01:01   res/HQ.xml
      541  1981-01-01 01:01   res/HS.9.png
     1750  1981-01-01 01:01   res/HZ.png
      500  1981-01-01 01:01   res/Hi.9.png
     1528  1981-01-01 01:01   res/Hy.xml
     1136  1981-01-01 01:01   res/I-.xml
      476  1981-01-01 01:01   res/I3.png
     1656  1981-01-01 01:01   res/I7.xml
      201  1981-01-01 01:01   res/IC.png
      600  1981-01-01 01:01   res/ID.xml
     1560  1981-01-01 01:01   res/Ig.xml
      203  1981-01-01 01:01   res/In.9.png
     1048  1981-01-01 01:01   res/In.xml
     1065  1981-01-01 01:01   res/Io.png
     1779  1981-01-01 01:01   res/J6.9.png
      464  1981-01-01 01:01   res/J7.xml
     1408  1981-01-01 01:01   res/J71.xml
      208  1981-01-01 01:01   res/J8.9.png
      681  1981-01-01 01:01   res/JC.png
      278  1981-01-01 01:01   res/JV.png
     1830  1981-01-01 01:01   res/Je.png
      816  1981-01-01 01:01   res/Jn.xml
      316  1981-01-01 01:01   res/Jo.xml
      288  1981-01-01 01:01   res/K2.xml
      612  1981-01-01 01:01   res/K3.xml
      236  1981-01-01 01:01   res/Kp.9.png
      680  1981-01-01 01:01   res/Ks.xml
     1656  1981-01-01 01:01   res/Kv.xml
      392  1981-01-01 01:01   res/L2.xml
      107  1981-01-01 01:01   res/LD.png
      380  1981-01-01 01:01   res/LH.xml
      915  1981-01-01 01:01   res/LL.png
     1208  1981-01-01 01:01   res/LN.xml
      372  1981-01-01 01:01   res/LT.xml
      171  1981-01-01 01:01   res/L_.png
     1356  1981-01-01 01:01   res/L_.xml
      383  1981-01-01 01:01   res/Lc.png
     1464  1981-01-01 01:01   res/Ld.xml
      209  1981-01-01 01:01   res/Lq.9.png
      684  1981-01-01 01:01   res/Ly.xml
      648  1981-01-01 01:01   res/M3.xml
      564  1981-01-01 01:01   res/M4.xml
      124  1981-01-01 01:01   res/M6.xml
     1625  1981-01-01 01:01   res/M9.png
      312  1981-01-01 01:01   res/MC.xml
      408  1981-01-01 01:01   res/MH.xml
      556  1981-01-01 01:01   res/MH1.xml
      812  1981-01-01 01:01   res/MN.xml
      864  1981-01-01 01:01   res/MP.xml
     1136  1981-01-01 01:01   res/MP1.xml
     1060  1981-01-01 01:01   res/MY.xml
      851  1981-01-01 01:01   res/Ml.9.png
     1526  1981-01-01 01:01   res/Mr.9.png
      207  1981-01-01 01:01   res/Mz.9.png
     1207  1981-01-01 01:01   res/N2.png
      508  1981-01-01 01:01   res/N9.xml
     1440  1981-01-01 01:01   res/NA.xml
      464  1981-01-01 01:01   res/NI.xml
      228  1981-01-01 01:01   res/NM.9.png
      409  1981-01-01 01:01   res/NM.png
      400  1981-01-01 01:01   res/NO.xml
      182  1981-01-01 01:01   res/NP.9.png
      372  1981-01-01 01:01   res/NR.xml
      281  1981-01-01 01:01   res/NS.png
      792  1981-01-01 01:01   res/NU.xml
      776  1981-01-01 01:01   res/Nk.9.png
      223  1981-01-01 01:01   res/O3.9.png
      564  1981-01-01 01:01   res/O8.xml
      400  1981-01-01 01:01   res/O9.xml
      372  1981-01-01 01:01   res/OK.xml
      258  1981-01-01 01:01   res/Of.9.png
      124  1981-01-01 01:01   res/Of.xml
      272  1981-01-01 01:01   res/Of1.9.png
     1764  1981-01-01 01:01   res/Os.xml
      138  1981-01-01 01:01   res/Ot.png
      422  1981-01-01 01:01   res/Ou.png
      828  1981-01-01 01:01   res/Ov.xml
     1028  1981-01-01 01:01   res/Ow.xml
      484  1981-01-01 01:01   res/PA.xml
      648  1981-01-01 01:01   res/PF.xml
     1128  1981-01-01 01:01   res/PF1.xml
      683  1981-01-01 01:01   res/Pb.9.png
     2816  1981-01-01 01:01   res/Pi.9.png
      215  1981-01-01 01:01   res/Pq.9.png
     1132  1981-01-01 01:01   res/Pu.xml
      864  1981-01-01 01:01   res/Px.xml
      211  1981-01-01 01:01   res/Q1.9.png
     2834  1981-01-01 01:01   res/Q11.9.png
     1657  1981-01-01 01:01   res/Q5.png
      202  1981-01-01 01:01   res/QD.9.png
     1152  1981-01-01 01:01   res/QF.xml
     1884  1981-01-01 01:01   res/Qc.xml
      660  1981-01-01 01:01   res/Qk.xml
       98  1981-01-01 01:01   res/Qv.png
      756  1981-01-01 01:01   res/Qw.xml
      312  1981-01-01 01:01   res/R2.xml
     1124  1981-01-01 01:01   res/R5.xml
      780  1981-01-01 01:01   res/R6.xml
      808  1981-01-01 01:01   res/RB.png
      672  1981-01-01 01:01   res/RT.xml
      576  1981-01-01 01:01   res/Rq.xml
      940  1981-01-01 01:01   res/Ru.xml
     1196  1981-01-01 01:01   res/Rx.xml
     5220  1981-01-01 01:01   res/SD.png
      440  1981-01-01 01:01   res/SH.xml
      796  1981-01-01 01:01   res/SQ.xml
      988  1981-01-01 01:01   res/SS.xml
      608  1981-01-01 01:01   res/ST.xml
      640  1981-01-01 01:01   res/SU.xml
      820  1981-01-01 01:01   res/Sf.xml
      464  1981-01-01 01:01   res/Sr.png
      464  1981-01-01 01:01   res/St.xml
      598  1981-01-01 01:01   res/Sz.png
      225  1981-01-01 01:01   res/T2.9.png
      752  1981-01-01 01:01   res/T2.xml
      187  1981-01-01 01:01   res/TF.9.png
     1304  1981-01-01 01:01   res/TK.xml
     1092  1981-01-01 01:01   res/TP.xml
      321  1981-01-01 01:01   res/TQ.png
     1504  1981-01-01 01:01   res/TW.xml
     1164  1981-01-01 01:01   res/Th.xml
      327  1981-01-01 01:01   res/Tl.9.png
      684  1981-01-01 01:01   res/Ts.xml
     1086  1981-01-01 01:01   res/Tx.9.png
      345  1981-01-01 01:01   res/Tx.png
     1228  1981-01-01 01:01   res/U3.xml
     1200  1981-01-01 01:01   res/U5.png
      515  1981-01-01 01:01   res/U7.png
     1056  1981-01-01 01:01   res/UO.xml
      372  1981-01-01 01:01   res/UQ.xml
      400  1981-01-01 01:01   res/UU.xml
      595  1981-01-01 01:01   res/U_.png
      448  1981-01-01 01:01   res/Ug.xml
      208  1981-01-01 01:01   res/Us.9.png
      528  1981-01-01 01:01   res/Uz.xml
      189  1981-01-01 01:01   res/V-.9.png
      198  1981-01-01 01:01   res/V-1.9.png
     1196  1981-01-01 01:01   res/V1.xml
    27507  1981-01-01 01:01   res/V2.png
      946  1981-01-01 01:01   res/V4.png
      356  1981-01-01 01:01   res/V9.png
      712  1981-01-01 01:01   res/V9.xml
      584  1981-01-01 01:01   res/VC.xml
      260  1981-01-01 01:01   res/VK.9.png
      631  1981-01-01 01:01   res/VW.png
      415  1981-01-01 01:01   res/VW1.png
      276  1981-01-01 01:01   res/Vd.png
      378  1981-01-01 01:01   res/Ve.png
     2520  1981-01-01 01:01   res/Ve.xml
      304  1981-01-01 01:01   res/Vl.xml
     1208  1981-01-01 01:01   res/Vq.png
      724  1981-01-01 01:01   res/WG.xml
     1028  1981-01-01 01:01   res/WO.xml
      564  1981-01-01 01:01   res/WP.xml
      984  1981-01-01 01:01   res/WT.xml
      932  1981-01-01 01:01   res/WT1.xml
      712  1981-01-01 01:01   res/WZ.png
      489  1981-01-01 01:01   res/Wh.png
     1012  1981-01-01 01:01   res/Wl.xml
      688  1981-01-01 01:01   res/Wn.xml
      235  1981-01-01 01:01   res/X3.9.png
      420  1981-01-01 01:01   res/X5.png
      476  1981-01-01 01:01   res/X9.xml
     2872  1981-01-01 01:01   res/XB.xml
      124  1981-01-01 01:01   res/XM.xml
     2072  1981-01-01 01:01   res/XS.xml
      430  1981-01-01 01:01   res/Xp.9.png
      225  1981-01-01 01:01   res/Xs.9.png
      216  1981-01-01 01:01   res/Xs1.9.png
     1584  1981-01-01 01:01   res/Y-.xml
     2236  1981-01-01 01:01   res/Y8.xml
      352  1981-01-01 01:01   res/YA.xml
      447  1981-01-01 01:01   res/YB.png
      494  1981-01-01 01:01   res/YC.png
      320  1981-01-01 01:01   res/YF.xml
      178  1981-01-01 01:01   res/YH.9.png
     1255  1981-01-01 01:01   res/YM.9.png
      452  1981-01-01 01:01   res/YQ.xml
      275  1981-01-01 01:01   res/YW.png
      215  1981-01-01 01:01   res/Yg.png
      281  1981-01-01 01:01   res/Yh.png
      825  1981-01-01 01:01   res/Yt.9.png
      424  1981-01-01 01:01   res/Z4.xml
     1392  1981-01-01 01:01   res/Z9.xml
      528  1981-01-01 01:01   res/ZF.xml
     4272  1981-01-01 01:01   res/ZS.xml
      744  1981-01-01 01:01   res/ZW.xml
      320  1981-01-01 01:01   res/Za.xml
     1945  1981-01-01 01:01   res/Zj.png
      840  1981-01-01 01:01   res/Zl.xml
      244  1981-01-01 01:01   res/_6.9.png
     2439  1981-01-01 01:01   res/_7.png
      563  1981-01-01 01:01   res/_71.png
      584  1981-01-01 01:01   res/_Q.xml
      428  1981-01-01 01:01   res/_d.xml
     1656  1981-01-01 01:01   res/_l.xml
      952  1981-01-01 01:01   res/a2.xml
     2236  1981-01-01 01:01   res/a4.xml
      753  1981-01-01 01:01   res/a6.png
      612  1981-01-01 01:01   res/aA.xml
      716  1981-01-01 01:01   res/aD.xml
     1510  1981-01-01 01:01   res/aO.9.png
      372  1981-01-01 01:01   res/aO.xml
      984  1981-01-01 01:01   res/aR.xml
      516  1981-01-01 01:01   res/aY.png
     1116  1981-01-01 01:01   res/ai.xml
     1095  1981-01-01 01:01   res/aj.png
      400  1981-01-01 01:01   res/aj.xml
     1911  1981-01-01 01:01   res/aj1.png
      229  1981-01-01 01:01   res/au.9.png
     1095  1981-01-01 01:01   res/b4.png
      492  1981-01-01 01:01   res/b9.xml
     1020  1981-01-01 01:01   res/b91.xml
      132  1981-01-01 01:01   res/bC.xml
      776  1981-01-01 01:01   res/bK.9.png
     1888  1981-01-01 01:01   res/bT.xml
      228  1981-01-01 01:01   res/bW.png
     2840  1981-01-01 01:01   res/b_.xml
     1172  1981-01-01 01:01   res/bb.xml
      740  1981-01-01 01:01   res/bl.xml
      400  1981-01-01 01:01   res/bn.xml
      186  1981-01-01 01:01   res/bu.9.png
      264  1981-01-01 01:01   res/c1.xml
      616  1981-01-01 01:01   res/c4.xml
      564  1981-01-01 01:01   res/cH.xml
      417  1981-01-01 01:01   res/cM.9.png
      811  1981-01-01 01:01   res/cQ.png
      286  1981-01-01 01:01   res/ca.9.png
      872  1981-01-01 01:01   res/cf.xml
     1324  1981-01-01 01:01   res/cg.xml
      376  1981-01-01 01:01   res/color-night-v8/material_timepicker_button_stroke.xml
      376  1981-01-01 01:01   res/color-night-v8/material_timepicker_clockface.xml
      340  1981-01-01 01:01   res/color-night-v8/material_timepicker_modebutton_tint.xml
      464  1981-01-01 01:01   res/color-v21/abc_btn_colored_borderless_text_material.xml
      500  1981-01-01 01:01   res/color-v23/abc_btn_colored_borderless_text_material.xml
      500  1981-01-01 01:01   res/color-v23/abc_btn_colored_text_material.xml
      544  1981-01-01 01:01   res/color-v23/abc_color_highlight_material.xml
      624  1981-01-01 01:01   res/color-v23/abc_tint_btn_checkable.xml
     1120  1981-01-01 01:01   res/color-v23/abc_tint_default.xml
      668  1981-01-01 01:01   res/color-v23/abc_tint_edittext.xml
      500  1981-01-01 01:01   res/color-v23/abc_tint_seek_thumb.xml
      668  1981-01-01 01:01   res/color-v23/abc_tint_spinner.xml
      664  1981-01-01 01:01   res/color-v23/abc_tint_switch_track.xml
      468  1981-01-01 01:01   res/color/abc_background_cache_hint_selector_material_dark.xml
      468  1981-01-01 01:01   res/color/abc_background_cache_hint_selector_material_light.xml
      604  1981-01-01 01:01   res/color/abc_btn_colored_text_material.xml
      564  1981-01-01 01:01   res/color/abc_hint_foreground_material_dark.xml
      564  1981-01-01 01:01   res/color/abc_hint_foreground_material_light.xml
      464  1981-01-01 01:01   res/color/abc_primary_text_disable_only_material_dark.xml
      464  1981-01-01 01:01   res/color/abc_primary_text_disable_only_material_light.xml
      464  1981-01-01 01:01   res/color/abc_primary_text_material_dark.xml
      464  1981-01-01 01:01   res/color/abc_primary_text_material_light.xml
      588  1981-01-01 01:01   res/color/abc_search_url_text.xml
      464  1981-01-01 01:01   res/color/abc_secondary_text_material_dark.xml
      464  1981-01-01 01:01   res/color/abc_secondary_text_material_light.xml
      728  1981-01-01 01:01   res/color/abc_tint_btn_checkable.xml
     1224  1981-01-01 01:01   res/color/abc_tint_default.xml
      772  1981-01-01 01:01   res/color/abc_tint_edittext.xml
      604  1981-01-01 01:01   res/color/abc_tint_seek_thumb.xml
      772  1981-01-01 01:01   res/color/abc_tint_spinner.xml
      768  1981-01-01 01:01   res/color/abc_tint_switch_track.xml
      464  1981-01-01 01:01   res/color/checkbox_themeable_attribute_color.xml
      712  1981-01-01 01:01   res/color/common_google_signin_btn_text_dark.xml
      712  1981-01-01 01:01   res/color/common_google_signin_btn_text_light.xml
      464  1981-01-01 01:01   res/color/common_google_signin_btn_tint.xml
      712  1981-01-01 01:01   res/color/design_box_stroke_color.xml
      464  1981-01-01 01:01   res/color/design_error.xml
      376  1981-01-01 01:01   res/color/design_icon_tint.xml
      340  1981-01-01 01:01   res/color/material_cursor_color.xml
      376  1981-01-01 01:01   res/color/material_on_background_disabled.xml
      376  1981-01-01 01:01   res/color/material_on_background_emphasis_high_type.xml
      376  1981-01-01 01:01   res/color/material_on_background_emphasis_medium.xml
      376  1981-01-01 01:01   res/color/material_on_primary_disabled.xml
      376  1981-01-01 01:01   res/color/material_on_primary_emphasis_high_type.xml
      376  1981-01-01 01:01   res/color/material_on_primary_emphasis_medium.xml
      376  1981-01-01 01:01   res/color/material_on_surface_disabled.xml
      376  1981-01-01 01:01   res/color/material_on_surface_emphasis_high_type.xml
      376  1981-01-01 01:01   res/color/material_on_surface_emphasis_medium.xml
      376  1981-01-01 01:01   res/color/material_on_surface_stroke.xml
      520  1981-01-01 01:01   res/color/material_slider_active_tick_marks_color.xml
      500  1981-01-01 01:01   res/color/material_slider_active_track_color.xml
      500  1981-01-01 01:01   res/color/material_slider_halo_color.xml
      520  1981-01-01 01:01   res/color/material_slider_inactive_tick_marks_color.xml
      520  1981-01-01 01:01   res/color/material_slider_inactive_track_color.xml
      500  1981-01-01 01:01   res/color/material_slider_thumb_color.xml
      500  1981-01-01 01:01   res/color/material_timepicker_button_background.xml
      376  1981-01-01 01:01   res/color/material_timepicker_button_stroke.xml
      464  1981-01-01 01:01   res/color/material_timepicker_clock_text_color.xml
      376  1981-01-01 01:01   res/color/material_timepicker_clockface.xml
      376  1981-01-01 01:01   res/color/material_timepicker_modebutton_tint.xml
      500  1981-01-01 01:01   res/color/mtrl_btn_bg_color_selector.xml
      948  1981-01-01 01:01   res/color/mtrl_btn_ripple_color.xml
      520  1981-01-01 01:01   res/color/mtrl_btn_stroke_color_selector.xml
      520  1981-01-01 01:01   res/color/mtrl_btn_text_btn_bg_color_selector.xml
      948  1981-01-01 01:01   res/color/mtrl_btn_text_btn_ripple_color.xml
      500  1981-01-01 01:01   res/color/mtrl_btn_text_color_selector.xml
      808  1981-01-01 01:01   res/color/mtrl_calendar_item_stroke_color.xml
      376  1981-01-01 01:01   res/color/mtrl_calendar_selected_range.xml
      788  1981-01-01 01:01   res/color/mtrl_card_view_foreground.xml
      768  1981-01-01 01:01   res/color/mtrl_card_view_ripple.xml
      848  1981-01-01 01:01   res/color/mtrl_chip_background_color.xml
     1092  1981-01-01 01:01   res/color/mtrl_chip_close_icon_tint.xml
      340  1981-01-01 01:01   res/color/mtrl_chip_surface_color.xml
      520  1981-01-01 01:01   res/color/mtrl_chip_text_color.xml
      848  1981-01-01 01:01   res/color/mtrl_choice_chip_background_color.xml
      948  1981-01-01 01:01   res/color/mtrl_choice_chip_ripple_color.xml
      808  1981-01-01 01:01   res/color/mtrl_choice_chip_text_color.xml
      464  1981-01-01 01:01   res/color/mtrl_error.xml
      500  1981-01-01 01:01   res/color/mtrl_fab_bg_color_selector.xml
      500  1981-01-01 01:01   res/color/mtrl_fab_icon_text_color_selector.xml
      948  1981-01-01 01:01   res/color/mtrl_fab_ripple_color.xml
      808  1981-01-01 01:01   res/color/mtrl_filled_background_color.xml
      644  1981-01-01 01:01   res/color/mtrl_filled_icon_tint.xml
      788  1981-01-01 01:01   res/color/mtrl_filled_stroke_color.xml
      520  1981-01-01 01:01   res/color/mtrl_indicator_text_color.xml
      520  1981-01-01 01:01   res/color/mtrl_navigation_bar_colored_item_tint.xml
      948  1981-01-01 01:01   res/color/mtrl_navigation_bar_colored_ripple_color.xml
      520  1981-01-01 01:01   res/color/mtrl_navigation_bar_item_tint.xml
     1672  1981-01-01 01:01   res/color/mtrl_navigation_bar_ripple_color.xml
      644  1981-01-01 01:01   res/color/mtrl_navigation_item_background_color.xml
      624  1981-01-01 01:01   res/color/mtrl_navigation_item_icon_tint.xml
      624  1981-01-01 01:01   res/color/mtrl_navigation_item_text_color.xml
      500  1981-01-01 01:01   res/color/mtrl_on_primary_text_btn_text_color_selector.xml
      808  1981-01-01 01:01   res/color/mtrl_on_surface_ripple_color.xml
      644  1981-01-01 01:01   res/color/mtrl_outlined_icon_tint.xml
      788  1981-01-01 01:01   res/color/mtrl_outlined_stroke_color.xml
      376  1981-01-01 01:01   res/color/mtrl_popupmenu_overlay_color.xml
      948  1981-01-01 01:01   res/color/mtrl_tabs_colored_ripple_color.xml
      500  1981-01-01 01:01   res/color/mtrl_tabs_icon_color_selector.xml
      500  1981-01-01 01:01   res/color/mtrl_tabs_icon_color_selector_colored.xml
      464  1981-01-01 01:01   res/color/mtrl_tabs_legacy_text_color_selector.xml
     1672  1981-01-01 01:01   res/color/mtrl_tabs_ripple_color.xml
      888  1981-01-01 01:01   res/color/mtrl_text_btn_text_color_selector.xml
      464  1981-01-01 01:01   res/color/radiobutton_themeable_attribute_color.xml
      464  1981-01-01 01:01   res/color/switch_thumb_material_dark.xml
      464  1981-01-01 01:01   res/color/switch_thumb_material_light.xml
      340  1981-01-01 01:01   res/color/test_mtrl_calendar_day.xml
      340  1981-01-01 01:01   res/color/test_mtrl_calendar_day_selected.xml
      472  1981-01-01 01:01   res/cs.xml
      182  1981-01-01 01:01   res/cu.png
      600  1981-01-01 01:01   res/cw.xml
      208  1981-01-01 01:01   res/d1.9.png
      848  1981-01-01 01:01   res/d2.xml
      221  1981-01-01 01:01   res/dH.9.png
      725  1981-01-01 01:01   res/dH.png
      816  1981-01-01 01:01   res/dV.xml
     1128  1981-01-01 01:01   res/dp.xml
      210  1981-01-01 01:01   res/dv.9.png
      740  1981-01-01 01:01   res/e-.xml
     3472  1981-01-01 01:01   res/e1.xml
      196  1981-01-01 01:01   res/e4.9.png
     1544  1981-01-01 01:01   res/eB.9.png
      752  1981-01-01 01:01   res/eI.xml
      223  1981-01-01 01:01   res/eK.9.png
      628  1981-01-01 01:01   res/eN.xml
     1528  1981-01-01 01:01   res/eS.xml
      508  1981-01-01 01:01   res/eU.xml
      214  1981-01-01 01:01   res/ee.png
      167  1981-01-01 01:01   res/ei.9.png
      328  1981-01-01 01:01   res/ej.xml
     1460  1981-01-01 01:01   res/em.xml
     1748  1981-01-01 01:01   res/ew.xml
      484  1981-01-01 01:01   res/f1.xml
      785  1981-01-01 01:01   res/f9.png
      217  1981-01-01 01:01   res/fD.9.png
     1352  1981-01-01 01:01   res/fL.xml
      237  1981-01-01 01:01   res/fZ.9.png
     1085  1981-01-01 01:01   res/fa.png
      339  1981-01-01 01:01   res/fa1.png
      267  1981-01-01 01:01   res/fr.9.png
      212  1981-01-01 01:01   res/fv.9.png
      484  1981-01-01 01:01   res/fv.xml
      335  1981-01-01 01:01   res/fx.png
     1859  1981-01-01 01:01   res/g1.png
      816  1981-01-01 01:01   res/gA.xml
      588  1981-01-01 01:01   res/gE.xml
      214  1981-01-01 01:01   res/gG.9.png
      199  1981-01-01 01:01   res/gL.9.png
      384  1981-01-01 01:01   res/gQ.png
      388  1981-01-01 01:01   res/gT.xml
     1098  1981-01-01 01:01   res/gV.9.png
     1824  1981-01-01 01:01   res/gW.xml
      688  1981-01-01 01:01   res/gZ.xml
     1353  1981-01-01 01:01   res/gb.png
      680  1981-01-01 01:01   res/gl.xml
      808  1981-01-01 01:01   res/h-.9.png
      190  1981-01-01 01:01   res/h0.9.png
      290  1981-01-01 01:01   res/hT.xml
      215  1981-01-01 01:01   res/hj.9.png
      692  1981-01-01 01:01   res/hu.xml
      696  1981-01-01 01:01   res/hv.xml
      440  1981-01-01 01:01   res/iL.xml
      526  1981-01-01 01:01   res/iM.png
      826  1981-01-01 01:01   res/iR.png
      533  1981-01-01 01:01   res/iR1.png
      528  1981-01-01 01:01   res/iT.png
      592  1981-01-01 01:01   res/iV.xml
      588  1981-01-01 01:01   res/ib.xml
     1176  1981-01-01 01:01   res/ib1.xml
      796  1981-01-01 01:01   res/ic.png
     1012  1981-01-01 01:01   res/ih.xml
      178  1981-01-01 01:01   res/ii.9.png
      624  1981-01-01 01:01   res/iw.xml
      796  1981-01-01 01:01   res/iw1.xml
      184  1981-01-01 01:01   res/j-.9.png
      194  1981-01-01 01:01   res/j9.9.png
     2728  1981-01-01 01:01   res/j9.xml
     1276  1981-01-01 01:01   res/jH.xml
      464  1981-01-01 01:01   res/jI.xml
      212  1981-01-01 01:01   res/jK.9.png
      396  1981-01-01 01:01   res/jR.xml
     1138  1981-01-01 01:01   res/jZ.9.png
      359  1981-01-01 01:01   res/jc.png
      420  1981-01-01 01:01   res/jf.xml
      618  1981-01-01 01:01   res/jh.9.png
      832  1981-01-01 01:01   res/jw.xml
     7484  1981-01-01 01:01   res/jy.png
     1560  1981-01-01 01:01   res/kB.xml
      694  1981-01-01 01:01   res/kE.png
     1292  1981-01-01 01:01   res/kI.xml
      178  1981-01-01 01:01   res/kK.9.png
     2171  1981-01-01 01:01   res/kL.png
      400  1981-01-01 01:01   res/kL.xml
     1696  1981-01-01 01:01   res/kM.xml
     1904  1981-01-01 01:01   res/kQ.png
      403  1981-01-01 01:01   res/k_.png
      264  1981-01-01 01:01   res/l2.xml
      364  1981-01-01 01:01   res/lE.xml
      360  1981-01-01 01:01   res/lG.xml
      312  1981-01-01 01:01   res/lJ.xml
      516  1981-01-01 01:01   res/lR.xml
      336  1981-01-01 01:01   res/lW.xml
      345  1981-01-01 01:01   res/ld.9.png
      616  1981-01-01 01:01   res/lf.xml
     1140  1981-01-01 01:01   res/li.xml
     1064  1981-01-01 01:01   res/ll.xml
     1032  1981-01-01 01:01   res/m3.9.png
     2476  1981-01-01 01:01   res/m6.xml
     2192  1981-01-01 01:01   res/m7.xml
      205  1981-01-01 01:01   res/m9.9.png
      436  1981-01-01 01:01   res/mN.xml
      548  1981-01-01 01:01   res/mR.xml
      196  1981-01-01 01:01   res/mU.png
      408  1981-01-01 01:01   res/mi.xml
      940  1981-01-01 01:01   res/mj.xml
     1465  1981-01-01 01:01   res/mr.png
      892  1981-01-01 01:01   res/mw.xml
      391  1981-01-01 01:01   res/n0.png
      120  1981-01-01 01:01   res/n6.xml
      187  1981-01-01 01:01   res/n9.9.png
      870  1981-01-01 01:01   res/nO.png
      324  1981-01-01 01:01   res/n_.png
     1465  1981-01-01 01:01   res/na.png
      585  1981-01-01 01:01   res/nd.png
      516  1981-01-01 01:01   res/nl.xml
      396  1981-01-01 01:01   res/ns.png
      588  1981-01-01 01:01   res/nz.xml
     1916  1981-01-01 01:01   res/o-.xml
      610  1981-01-01 01:01   res/o1.9.png
      796  1981-01-01 01:01   res/o1.xml
     1220  1981-01-01 01:01   res/oO.xml
      754  1981-01-01 01:01   res/oR.9.png
      693  1981-01-01 01:01   res/oU.png
      940  1981-01-01 01:01   res/og.xml
     2780  1981-01-01 01:01   res/on.xml
      464  1981-01-01 01:01   res/oz.xml
      792  1981-01-01 01:01   res/p7.xml
      660  1981-01-01 01:01   res/p8.xml
      395  1981-01-01 01:01   res/pF.9.png
      306  1981-01-01 01:01   res/pn.png
     1072  1981-01-01 01:01   res/q0.xml
     2124  1981-01-01 01:01   res/q1.xml
      389  1981-01-01 01:01   res/q6.png
     1180  1981-01-01 01:01   res/q6.xml
     2688  1981-01-01 01:01   res/q61.xml
      364  1981-01-01 01:01   res/qK.xml
      616  1981-01-01 01:01   res/qL.xml
      396  1981-01-01 01:01   res/qQ.xml
      396  1981-01-01 01:01   res/qS.xml
     1815  1981-01-01 01:01   res/qW.png
      813  1981-01-01 01:01   res/qr.9.png
      598  1981-01-01 01:01   res/qr.png
      266  1981-01-01 01:01   res/qr1.png
      440  1981-01-01 01:01   res/r-.xml
      400  1981-01-01 01:01   res/r0.xml
      552  1981-01-01 01:01   res/r5.xml
      532  1981-01-01 01:01   res/r8.xml
      688  1981-01-01 01:01   res/rE.xml
     2664  1981-01-01 01:01   res/rJ.xml
      808  1981-01-01 01:01   res/rM.xml
      728  1981-01-01 01:01   res/rX.xml
      525  1981-01-01 01:01   res/rb.9.png
     1441  1981-01-01 01:01   res/rc.png
      897  1981-01-01 01:01   res/rj.9.png
      145  1981-01-01 01:01   res/rn.png
      576  1981-01-01 01:01   res/rt.xml
     2181  1981-01-01 01:01   res/rv.png
      420  1981-01-01 01:01   res/s-.xml
      217  1981-01-01 01:01   res/s2.9.png
      615  1981-01-01 01:01   res/s3.9.png
      559  1981-01-01 01:01   res/s4.png
     1128  1981-01-01 01:01   res/s6.xml
      318  1981-01-01 01:01   res/sL.9.png
      331  1981-01-01 01:01   res/sY.png
      727  1981-01-01 01:01   res/sk.png
      960  1981-01-01 01:01   res/sn.9.png
      448  1981-01-01 01:01   res/st.9.png
      616  1981-01-01 01:01   res/t9.xml
      212  1981-01-01 01:01   res/tM.9.png
      360  1981-01-01 01:01   res/tQ.xml
      452  1981-01-01 01:01   res/tb.xml
     5220  1981-01-01 01:01   res/tf.png
     2505  1981-01-01 01:01   res/tj.9.png
      252  1981-01-01 01:01   res/tr.9.png
      712  1981-01-01 01:01   res/tv.xml
     3348  1981-01-01 01:01   res/u3.png
     1208  1981-01-01 01:01   res/u3.xml
      966  1981-01-01 01:01   res/uB.9.png
      711  1981-01-01 01:01   res/uL.png
      716  1981-01-01 01:01   res/uP.xml
      465  1981-01-01 01:01   res/uW.9.png
      540  1981-01-01 01:01   res/ue.xml
      316  1981-01-01 01:01   res/ug.xml
     1012  1981-01-01 01:01   res/uo.xml
      318  1981-01-01 01:01   res/uu.png
      852  1981-01-01 01:01   res/v2.xml
      194  1981-01-01 01:01   res/v6.9.png
      396  1981-01-01 01:01   res/v8.xml
     1536  1981-01-01 01:01   res/vD.xml
     1684  1981-01-01 01:01   res/vH.xml
      562  1981-01-01 01:01   res/vM.png
     1620  1981-01-01 01:01   res/vM.xml
      940  1981-01-01 01:01   res/vP.xml
      322  1981-01-01 01:01   res/va.png
      956  1981-01-01 01:01   res/va.xml
      502  1981-01-01 01:01   res/vb.png
      848  1981-01-01 01:01   res/vc.xml
      267  1981-01-01 01:01   res/vd.png
      608  1981-01-01 01:01   res/vl.xml
     2152  1981-01-01 01:01   res/vo.png
      388  1981-01-01 01:01   res/vp.xml
      226  1981-01-01 01:01   res/vy.9.png
      856  1981-01-01 01:01   res/vz.xml
      548  1981-01-01 01:01   res/w4.xml
      312  1981-01-01 01:01   res/wA.xml
      796  1981-01-01 01:01   res/wG.xml
      892  1981-01-01 01:01   res/wI.xml
      209  1981-01-01 01:01   res/wK.9.png
      192  1981-01-01 01:01   res/wL.9.png
      224  1981-01-01 01:01   res/wN.png
      267  1981-01-01 01:01   res/wT.png
      740  1981-01-01 01:01   res/wY.xml
     1731  1981-01-01 01:01   res/wi.9.png
     1243  1981-01-01 01:01   res/wi1.9.png
      796  1981-01-01 01:01   res/wo.xml
      716  1981-01-01 01:01   res/wz.xml
      516  1981-01-01 01:01   res/x1.xml
     2021  1981-01-01 01:01   res/x3.png
      345  1981-01-01 01:01   res/x5.9.png
     1310  1981-01-01 01:01   res/xV.png
     1128  1981-01-01 01:01   res/xs.xml
     1888  1981-01-01 01:01   res/xy.xml
      640  1981-01-01 01:01   res/y9.xml
      221  1981-01-01 01:01   res/yO.9.png
     1716  1981-01-01 01:01   res/yP.xml
     3216  1981-01-01 01:01   res/ya.xml
      556  1981-01-01 01:01   res/yf.xml
      424  1981-01-01 01:01   res/ym.png
     1140  1981-01-01 01:01   res/yx.xml
      424  1981-01-01 01:01   res/z1.xml
      396  1981-01-01 01:01   res/z3.xml
      694  1981-01-01 01:01   res/z5.9.png
     1116  1981-01-01 01:01   res/zH.xml
     1104  1981-01-01 01:01   res/zm.png
      840  1981-01-01 01:01   res/zq.xml
     1864  1981-01-01 01:01   res/zu.png
   866172  1981-01-01 01:01   resources.arsc
    74440  1981-01-01 01:01   META-INF/CERT.SF
     1103  1981-01-01 01:01   META-INF/CERT.RSA
    74366  1981-01-01 01:01   META-INF/MANIFEST.MF
---------                     -------
 12433366                     828 files
mkdir: cannot create directory ‘/workspaces/kalinux-playground/TheFatRat/TheFatRat/temp’: File exists
Working on original APK: app.apk
I: Using Apktool 2.6.0 on app.apk
I: Loading resource table...
I: Decoding AndroidManifest.xml with resources...
I: Loading resource table from file: /root/.local/share/apktool/framework/1.apk
I: Regular manifest package...
I: Decoding file-resources...
I: Decoding values */* XMLs...
I: Baksmaling classes.dex...
I: Baksmaling classes2.dex...
I: Copying assets and libs...
I: Copying unknown files...
I: Copying original files...
Value of android_name: 
Value of android_class: 
