Fatrat package location diagnostic
-----------------------------------
sudo - Exist in user repository
netcat - Exist in user repository
xterm - Exist in user repository
dnsutils - Exist in user repository
mono-mcs - Exist in user repository
gcc - Exist in user repository
apache2 - Exist in user repository
gnome-terminal - Exist in user repository
upx-ucl - Exist in user repository
ruby - Exist in user repository
openssl - Exist in user repository
zlib1g-dev - Exist in user repository
lib32z1 - Exist in user repository
lib32ncurses5 - Does not exist in user repository
lib32stdc++6 - Does not exist in user repository
python2-minimal - Exist in user repository
python3 - Exist in user repository
python3-pip - Exist in user repository
build-essential - Exist in user repository
default-jdk - Exist in user repository
default-jre - Exist in user repository
unzip - Exist in user repository
mingw32 - Does not exist in user repository
mingw-w64 - Exist in user repository
exploitdb - Exist in user repository
backdoor-factory - Exist in user repository
metasploit-framework - Exist in user repository
 - Exist in user repository

-----------------------------------
User path environment
-----------------------------------
/opt/conda/condabin:/home/codespace/.dotnet:/home/codespace/nvm/current/bin:/home/codespace/.php/current/bin:/home/codespace/.python/current/bin:/home/codespace/java/current/bin:/home/codespace/.ruby/current/bin:/home/codespace/.local/bin:/usr/local/python/current/bin:/usr/local/py-utils/bin:/usr/local/jupyter:/usr/local/oryx:/usr/local/go/bin:/go/bin:/usr/local/sdkman/bin:/usr/local/sdkman/candidates/java/current/bin:/usr/local/sdkman/candidates/gradle/current/bin:/usr/local/sdkman/candidates/maven/current/bin:/usr/local/sdkman/candidates/ant/current/bin:/usr/local/rvm/gems/default/bin:/usr/local/rvm/gems/default@global/bin:/usr/local/rvm/rubies/default/bin:/usr/local/share/rbenv/bin:/usr/local/php/current/bin:/opt/conda/bin:/usr/local/nvs:/usr/local/share/nvm/current/bin:/usr/local/hugo/bin:/usr/local/sbin:/usr/local/bin:/usr/sbin:/usr/bin:/sbin:/bin:/usr/share/dotnet:/root/.dotnet/tools:/usr/local/rvm/bin
-----------------------------------
User current repositories
-----------------------------------
# Ubuntu sources have moved to the /etc/apt/sources.list.d/ubuntu.sources
# file, which uses the deb822 format. Use deb822-formatted .sources files
# to manage package sources in the /etc/apt/sources.list.d/ directory.
# See the sources.list(5) manual page for details.
-----------------------------------
-----------------------------------
Linux codespaces-d8c416 6.8.0-1044-azure #50~22.04.1-Ubuntu SMP Wed Dec  3 15:13:22 UTC 2025 x86_64 x86_64 x86_64 GNU/Linux
-----------------------------------
         Access User Level         
-----------------------------------
-----------------------------------
