------------------------------------------------------
| Tools paths configured in setup.sh for TheFatRat |
------------------------------------------------------
                                                      
/usr/bin/xterm
/usr/bin/dig
/usr/bin/mcs
/usr/bin/gcc
/usr/sbin/apache2
/usr/bin/gnome-terminal
/usr/bin/upx
/home/codespace/.ruby/current/bin/ruby
/usr/bin/python2
/home/codespace/.python/current/bin/python3
/home/codespace/.python/current/bin/pip3
/opt/conda/bin/openssl
/home/codespace/java/current/bin/jarsigner
/usr/bin/unzip
/home/codespace/java/current/bin/keytool
/usr/local/sbin/zipalign
/usr/bin/x86_64-w64-mingw32-gcc
/usr/bin/i686-w64-mingw32-gcc
/usr/local/sbin/dx
/usr/local/sbin/aapt
/usr/local/sbin/apktool
/usr/local/sbin/baksmali
msfconsole
msfvenom
backdoor-factory
searchsploit
/root/Fatrat_Generated
/usr/local/sbin/fatrat
